Performing C SOURCE FILE Test CMAKE_HAVE_LIBC_PTHREAD failed with the following output:
Change Dir: /home/liang/cl_rootws/pure_persuit/build/CMakeFiles/CMakeTmp

Run Build Command(s):/usr/bin/make -f Makefile cmTC_b7d7a/fast && /usr/bin/make  -f CMakeFiles/cmTC_b7d7a.dir/build.make CMakeFiles/cmTC_b7d7a.dir/build
make[1]: 进入目录“/home/liang/cl_rootws/pure_persuit/build/CMakeFiles/CMakeTmp”
Building C object CMakeFiles/cmTC_b7d7a.dir/src.c.o
/usr/bin/cc -DCMAKE_HAVE_LIBC_PTHREAD   -o CMakeFiles/cmTC_b7d7a.dir/src.c.o -c /home/liang/cl_rootws/pure_persuit/build/CMakeFiles/CMakeTmp/src.c
Linking C executable cmTC_b7d7a
/usr/local/bin/cmake -E cmake_link_script CMakeFiles/cmTC_b7d7a.dir/link.txt --verbose=1
/usr/bin/cc -rdynamic CMakeFiles/cmTC_b7d7a.dir/src.c.o -o cmTC_b7d7a 
CMakeFiles/cmTC_b7d7a.dir/src.c.o：在函数‘main’中：
src.c:(.text+0x3e)：对‘pthread_create’未定义的引用
src.c:(.text+0x4a)：对‘pthread_detach’未定义的引用
src.c:(.text+0x56)：对‘pthread_cancel’未定义的引用
src.c:(.text+0x67)：对‘pthread_join’未定义的引用
src.c:(.text+0x7b)：对‘pthread_atfork’未定义的引用
collect2: error: ld returned 1 exit status
CMakeFiles/cmTC_b7d7a.dir/build.make:98: recipe for target 'cmTC_b7d7a' failed
make[1]: *** [cmTC_b7d7a] Error 1
make[1]: 离开目录“/home/liang/cl_rootws/pure_persuit/build/CMakeFiles/CMakeTmp”
Makefile:127: recipe for target 'cmTC_b7d7a/fast' failed
make: *** [cmTC_b7d7a/fast] Error 2


Source file was:
#include <pthread.h>

static void* test_func(void* data)
{
  return data;
}

int main(void)
{
  pthread_t thread;
  pthread_create(&thread, NULL, test_func, NULL);
  pthread_detach(thread);
  pthread_cancel(thread);
  pthread_join(thread, NULL);
  pthread_atfork(NULL, NULL, NULL);
  pthread_exit(NULL);

  return 0;
}

Determining if the function pthread_create exists in the pthreads failed with the following output:
Change Dir: /home/liang/cl_rootws/pure_persuit/build/CMakeFiles/CMakeTmp

Run Build Command(s):/usr/bin/make -f Makefile cmTC_49bcf/fast && /usr/bin/make  -f CMakeFiles/cmTC_49bcf.dir/build.make CMakeFiles/cmTC_49bcf.dir/build
make[1]: 进入目录“/home/liang/cl_rootws/pure_persuit/build/CMakeFiles/CMakeTmp”
Building C object CMakeFiles/cmTC_49bcf.dir/CheckFunctionExists.c.o
/usr/bin/cc   -DCHECK_FUNCTION_EXISTS=pthread_create -o CMakeFiles/cmTC_49bcf.dir/CheckFunctionExists.c.o -c /usr/local/share/cmake-3.22/Modules/CheckFunctionExists.c
Linking C executable cmTC_49bcf
/usr/local/bin/cmake -E cmake_link_script CMakeFiles/cmTC_49bcf.dir/link.txt --verbose=1
/usr/bin/cc  -DCHECK_FUNCTION_EXISTS=pthread_create -rdynamic CMakeFiles/cmTC_49bcf.dir/CheckFunctionExists.c.o -o cmTC_49bcf  -lpthreads 
/usr/bin/ld: 找不到 -lpthreads
collect2: error: ld returned 1 exit status
CMakeFiles/cmTC_49bcf.dir/build.make:98: recipe for target 'cmTC_49bcf' failed
make[1]: *** [cmTC_49bcf] Error 1
make[1]: 离开目录“/home/liang/cl_rootws/pure_persuit/build/CMakeFiles/CMakeTmp”
Makefile:127: recipe for target 'cmTC_49bcf/fast' failed
make: *** [cmTC_49bcf/fast] Error 2



